# JRE version: Java(TM) SE Runtime Environment (8.0_51-b16) (build 1.8.0_51-b16)
# Java VM: Java HotSpot(TM) Server VM (25.51-b03 mixed mode linux-x86 )
Heap:
 PSYoungGen      total 125952K, used 12277K [0x91ac0000, 0x9a2c0000, 0xa7000000)
  eden space 113664K, 0% used [0x91ac0000,0x91ac0000,0x989c0000)
  from space 12288K, 99% used [0x989c0000,0x995bd468,0x995c0000)
  to   space 11264K, 0% used [0x995c0000,0x995c0000,0x9a0c0000)
 ParOldGen       total 70144K, used 70106K [0x67000000, 0x6b480000, 0x91ac0000)
  object space 70144K, 99% used [0x67000000,0x6b476850,0x6b480000)
 Metaspace       used 3875K, capacity 3902K, committed 3992K, reserved 4400K
GC Heap History (10 events):
Event: 21.654 GC heap after
Heap after GC invocations=2 (full 0):
 PSYoungGen      total 30976K, used 2298K [0x91ac0000, 0x93b40000, 0xa7000000)
  eden space 28672K, 0% used [0x91ac0000,0x91ac0000,0x936c0000)
  from space 2304K, 99% used [0x93900000,0x93b3ea38,0x93b40000)
  to   space 2304K, 0% used [0x936c0000,0x936c0000,0x93900000)
 ParOldGen       total 38400K, used 3581K [0x67000000, 0x69580000, 0x91ac0000)
  object space 38400K, 9% used [0x67000000,0x6737f518,0x69580000)
 Metaspace       used 3606K, capacity 3710K, committed 3736K, reserved 4400K
}
Event: 26.491 GC heap before
{Heap before GC invocations=3 (full 0):
 PSYoungGen      total 30976K, used 30970K [0x91ac0000, 0x93b40000, 0xa7000000)
  eden space 28672K, 100% used [0x91ac0000,0x936c0000,0x936c0000)
  from space 2304K, 99% used [0x93900000,0x93b3ea38,0x93b40000)
  to   space 2304K, 0% used [0x936c0000,0x936c0000,0x93900000)
 ParOldGen       total 38400K, used 3581K [0x67000000, 0x69580000, 0x91ac0000)
  object space 38400K, 9% used [0x67000000,0x6737f518,0x69580000)
 Metaspace       used 3696K, capacity 3806K, committed 3864K, reserved 4400K
Event: 26.842 GC heap after
Heap after GC invocations=3 (full 0):
 PSYoungGen      total 30976K, used 2295K [0x91ac0000, 0x95740000, 0xa7000000)
  eden space 28672K, 0% used [0x91ac0000,0x91ac0000,0x936c0000)
  from space 2304K, 99% used [0x936c0000,0x938fdc60,0x93900000)
  to   space 2304K, 0% used [0x95500000,0x95500000,0x95740000)
 ParOldGen       total 38400K, used 7765K [0x67000000, 0x69580000, 0x91ac0000)
  object space 38400K, 20% used [0x67000000,0x67795610,0x69580000)
 Metaspace       used 3696K, capacity 3806K, committed 3864K, reserved 4400K
}
Event: 30.502 GC heap before
{Heap before GC invocations=4 (full 0):
 PSYoungGen      total 30976K, used 30967K [0x91ac0000, 0x95740000, 0xa7000000)
  eden space 28672K, 100% used [0x91ac0000,0x936c0000,0x936c0000)
  from space 2304K, 99% used [0x936c0000,0x938fdc60,0x93900000)
  to   space 2304K, 0% used [0x95500000,0x95500000,0x95740000)
 ParOldGen       total 38400K, used 7765K [0x67000000, 0x69580000, 0x91ac0000)
  object space 38400K, 20% used [0x67000000,0x67795610,0x69580000)
 Metaspace       used 3753K, capacity 3838K, committed 3864K, reserved 4400K
Event: 30.933 GC heap after
Heap after GC invocations=4 (full 0):
 PSYoungGen      total 59648K, used 2292K [0x91ac0000, 0x95740000, 0xa7000000)
  eden space 57344K, 0% used [0x91ac0000,0x91ac0000,0x952c0000)
  from space 2304K, 99% used [0x95500000,0x9573d190,0x95740000)
  to   space 2304K, 0% used [0x952c0000,0x952c0000,0x95500000)
 ParOldGen       total 38400K, used 11866K [0x67000000, 0x69580000, 0x91ac0000)
  object space 38400K, 30% used [0x67000000,0x67b96820,0x69580000)
 Metaspace       used 3753K, capacity 3838K, committed 3864K, reserved 4400K
}
Event: 36.129 GC heap before
{Heap before GC invocations=5 (full 0):
 PSYoungGen      total 59648K, used 59636K [0x91ac0000, 0x95740000, 0xa7000000)
  eden space 57344K, 100% used [0x91ac0000,0x952c0000,0x952c0000)
  from space 2304K, 99% used [0x95500000,0x9573d190,0x95740000)
  to   space 2304K, 0% used [0x952c0000,0x952c0000,0x95500000)
 ParOldGen       total 38400K, used 11866K [0x67000000, 0x69580000, 0x91ac0000)
  object space 38400K, 30% used [0x67000000,0x67b96820,0x69580000)
 Metaspace       used 3778K, capacity 3870K, committed 3992K, reserved 4400K
Event: 36.595 GC heap after
Heap after GC invocations=5 (full 0):
 PSYoungGen      total 59648K, used 2300K [0x91ac0000, 0x9a0c0000, 0xa7000000)
  eden space 57344K, 0% used [0x91ac0000,0x91ac0000,0x952c0000)
  from space 2304K, 99% used [0x952c0000,0x954ff2f8,0x95500000)
  to   space 11264K, 0% used [0x995c0000,0x995c0000,0x9a0c0000)
 ParOldGen       total 38400K, used 20598K [0x67000000, 0x69580000, 0x91ac0000)
  object space 38400K, 53% used [0x67000000,0x6841d980,0x69580000)
 Metaspace       used 3778K, capacity 3870K, committed 3992K, reserved 4400K
}
Event: 42.246 GC heap before
{Heap before GC invocations=6 (full 0):
 PSYoungGen      total 59648K, used 59644K [0x91ac0000, 0x9a0c0000, 0xa7000000)
  eden space 57344K, 100% used [0x91ac0000,0x952c0000,0x952c0000)
  from space 2304K, 99% used [0x952c0000,0x954ff2f8,0x95500000)
  to   space 11264K, 0% used [0x995c0000,0x995c0000,0x9a0c0000)
 ParOldGen       total 38400K, used 20598K [0x67000000, 0x69580000, 0x91ac0000)
  object space 38400K, 53% used [0x67000000,0x6841d980,0x69580000)
 Metaspace       used 3864K, capacity 3902K, committed 3992K, reserved 4400K
Event: 42.758 GC heap after
Heap after GC invocations=6 (full 0):
 PSYoungGen      total 124928K, used 9967K [0x91ac0000, 0x9a2c0000, 0xa7000000)
  eden space 113664K, 0% used [0x91ac0000,0x91ac0000,0x989c0000)
  from space 11264K, 88% used [0x995c0000,0x99f7bea8,0x9a0c0000)
  to   space 12288K, 0% used [0x989c0000,0x989c0000,0x995c0000)
 ParOldGen       total 38400K, used 20598K [0x67000000, 0x69580000, 0x91ac0000)
  object space 38400K, 53% used [0x67000000,0x6841d980,0x69580000)
 Metaspace       used 3864K, capacity 3902K, committed 3992K, reserved 4400K
}
Event: 60.650 GC heap before
{Heap before GC invocations=7 (full 0):
 PSYoungGen      total 124928K, used 123631K [0x91ac0000, 0x9a2c0000, 0xa7000000)
  eden space 113664K, 100% used [0x91ac0000,0x989c0000,0x989c0000)
  from space 11264K, 88% used [0x995c0000,0x99f7bea8,0x9a0c0000)
  to   space 12288K, 0% used [0x989c0000,0x989c0000,0x995c0000)
 ParOldGen       total 38400K, used 20598K [0x67000000, 0x69580000, 0x91ac0000)
  object space 38400K, 53% used [0x67000000,0x6841d980,0x69580000)
 Metaspace       used 3875K, capacity 3902K, committed 3992K, reserved 4400K

